<?xml version="1.0" encoding="UTF-8"?>
<!-- Generated by org.testng.reporters.JUnitXMLReporter -->
<testsuite hostname="Alok-PC" ignored="1" name="Test" tests="5" failures="1" timestamp="13 May 2020 18:15:52 GMT" time="23.051" errors="0">
  <testcase name="test" time="0.008" classname="com.qa.testng.AnnotationsTest"/>
  <testcase name="loginTest" time="0.005" classname="com.qa.testng.DependsOnMethod">
    <failure type="java.lang.AssertionError" message="null">
      <![CDATA[java.lang.AssertionError: null
at com.qa.testng.DependsOnMethod.loginTest(DependsOnMethod.java:18)
... Removed 27 stack frames]]>
    </failure>
  </testcase> <!-- loginTest -->
  <testcase name="logoutTest" time="0.0" classname="com.qa.testng.DependsOnMethod">
    <skipped/>
  </testcase> <!-- logoutTest -->
  <testcase name="titleTest" time="0.028" classname="com.qa.testng.GoogleTest"/>
  <testcase name="gmailLinkTest" time="0.138" classname="com.qa.testng.GoogleTest"/>
  <testcase name="googleTest" time="0.0" classname="com.qa.testng.InvocationCountCocept">
    <ignored/>
  </testcase> <!-- googleTest -->
</testsuite> <!-- Test -->
